<?xml version="1.0" encoding="UTF-8"?>
<testsuite name="gex.example.service.UserServiceSpec" tests="3" skipped="0" failures="0" errors="0" timestamp="2015-03-04T17:21:53" hostname="GEX-DT-anallely.local" time="9.002">
  <properties/>
  <testcase name="We should be able to create users" classname="gex.example.service.UserServiceSpec" time="8.648"/>
  <testcase name="We should be able to update users" classname="gex.example.service.UserServiceSpec" time="0.182"/>
  <testcase name="We should be able to delete users" classname="gex.example.service.UserServiceSpec" time="0.171"/>
  <system-out><![CDATA[11:21:53.666 [Test worker] DEBUG o.s.t.annotation.ProfileValueUtils - Retrieved @ProfileValueSourceConfiguration [null] for test class [gex.example.service.UserServiceSpec]
11:21:53.671 [Test worker] DEBUG o.s.t.annotation.ProfileValueUtils - Retrieved ProfileValueSource type [class org.springframework.test.annotation.SystemProfileValueSource] for class [gex.example.service.UserServiceSpec]
11:21:53.671 [Test worker] DEBUG o.s.t.annotation.ProfileValueUtils - Retrieved @ProfileValueSourceConfiguration [null] for test class [gex.example.service.UserServiceSpec]
11:21:53.671 [Test worker] DEBUG o.s.t.annotation.ProfileValueUtils - Retrieved ProfileValueSource type [class org.springframework.test.annotation.SystemProfileValueSource] for class [gex.example.service.UserServiceSpec]
11:21:53.676 [Test worker] DEBUG o.s.t.annotation.ProfileValueUtils - Retrieved @ProfileValueSourceConfiguration [null] for test class [gex.example.service.UserServiceSpec]
11:21:53.676 [Test worker] DEBUG o.s.t.annotation.ProfileValueUtils - Retrieved ProfileValueSource type [class org.springframework.test.annotation.SystemProfileValueSource] for class [gex.example.service.UserServiceSpec]
11:21:53.676 [Test worker] DEBUG o.s.t.annotation.ProfileValueUtils - Retrieved @ProfileValueSourceConfiguration [null] for test class [gex.example.service.UserServiceSpec]
11:21:53.676 [Test worker] DEBUG o.s.t.annotation.ProfileValueUtils - Retrieved ProfileValueSource type [class org.springframework.test.annotation.SystemProfileValueSource] for class [gex.example.service.UserServiceSpec]
11:21:53.684 [Test worker] DEBUG o.s.test.context.BootstrapUtils - Instantiating TestContextBootstrapper from class [org.springframework.test.context.support.DefaultTestContextBootstrapper]
11:21:53.702 [Test worker] DEBUG o.s.t.c.s.DefaultTestContextBootstrapper - Found explicit ContextLoader class [org.springframework.boot.test.SpringApplicationContextLoader] for context configuration attributes [ContextConfigurationAttributes@68d93a48 declaringClass = 'gex.example.service.UserServiceSpec', classes = '{class gex.example.CoreConfigTest}', locations = '{}', inheritLocations = true, initializers = '{}', inheritInitializers = true, name = [null], contextLoaderClass = 'org.springframework.boot.test.SpringApplicationContextLoader']
11:21:53.707 [Test worker] DEBUG o.s.t.c.support.ActiveProfilesUtils - Could not find an 'annotation declaring class' for annotation type [org.springframework.test.context.ActiveProfiles] and class [gex.example.service.UserServiceSpec]
11:21:53.711 [Test worker] DEBUG o.s.t.c.s.DefaultTestContextBootstrapper - @TestExecutionListeners is not present for class [gex.example.service.UserServiceSpec]: using defaults.
11:21:53.720 [Test worker] INFO  o.s.t.c.s.DefaultTestContextBootstrapper - Loaded default TestExecutionListener class names from location [META-INF/spring.factories]: [org.springframework.test.context.web.ServletTestExecutionListener, org.springframework.test.context.support.DependencyInjectionTestExecutionListener, org.springframework.test.context.support.DirtiesContextTestExecutionListener, org.springframework.test.context.transaction.TransactionalTestExecutionListener, org.springframework.test.context.jdbc.SqlScriptsTestExecutionListener]
11:21:53.734 [Test worker] INFO  o.s.t.c.s.DefaultTestContextBootstrapper - Using TestExecutionListeners: [org.springframework.test.context.web.ServletTestExecutionListener@18bce49b, org.springframework.test.context.support.DependencyInjectionTestExecutionListener@4d594a80, org.springframework.test.context.support.DirtiesContextTestExecutionListener@fa31192, org.springframework.test.context.transaction.TransactionalTestExecutionListener@54d87a97, org.springframework.test.context.jdbc.SqlScriptsTestExecutionListener@2bbfd4ab]
11:21:53.954 [Test worker] DEBUG o.s.t.c.s.DependencyInjectionTestExecutionListener - Performing dependency injection for test context [[DefaultTestContext@3f7eb03a testClass = UserServiceSpec, testInstance = gex.example.service.UserServiceSpec@100c4f4b, testMethod = [null], testException = [null], mergedContextConfiguration = [MergedContextConfiguration@422a0d9e testClass = UserServiceSpec, locations = '{}', classes = '{class gex.example.CoreConfigTest}', contextInitializerClasses = '[]', activeProfiles = '{}', propertySourceLocations = '{}', propertySourceProperties = '{}', contextLoader = 'org.springframework.boot.test.SpringApplicationContextLoader', parent = [null]]]].
11:21:54.022 [Test worker] DEBUG o.s.core.env.StandardEnvironment - Adding [systemProperties] PropertySource with lowest search precedence
11:21:54.023 [Test worker] DEBUG o.s.core.env.StandardEnvironment - Adding [systemEnvironment] PropertySource with lowest search precedence
11:21:54.024 [Test worker] DEBUG o.s.core.env.StandardEnvironment - Initialized StandardEnvironment with PropertySources [systemProperties,systemEnvironment]
11:21:54.026 [Test worker] DEBUG o.s.core.env.StandardEnvironment - Adding [integrationTest] PropertySource with search precedence immediately lower than [systemEnvironment]
2015-03-04 11:21:54.289  INFO 10680 --- [    Test worker] o.s.boot.SpringApplication               : Starting application on GEX-DT-anallely.local with PID 10680 (/Users/Tsunllly/.gradle/caches/modules-2/files-2.1/org.springframework.boot/spring-boot/1.2.2.RELEASE/c2495d6c08c742743366f50e25ad76f5dfcd9f75/spring-boot-1.2.2.RELEASE.jar started by Tsunllly in /Users/Tsunllly/Documents/Projects/Lazybones/techtalk/core)
2015-03-04 11:21:54.326  INFO 10680 --- [    Test worker] s.c.a.AnnotationConfigApplicationContext : Refreshing org.springframework.context.annotation.AnnotationConfigApplicationContext@24031baa: startup date [Wed Mar 04 11:21:54 CST 2015]; root of context hierarchy
2015-03-04 11:21:54.723  INFO 10680 --- [    Test worker] o.s.boot.SpringApplication               : Started application in 0.644 seconds (JVM running for 1.955)

  .   ____          _            __ _ _
 /\\ / ___'_ __ _ _(_)_ __  __ _ \ \ \ \
( ( )\___ | '_ | '_| | '_ \/ _` | \ \ \ \
 \\/  ___)| |_)| | | | | || (_| |  ) ) ) )
  '  |____| .__|_| |_|_| |_\__, | / / / /
 =========|_|==============|___/=/_/_/_/
 :: Spring Boot ::        (v1.2.2.RELEASE)

2015-03-04 11:21:55.333  WARN 10680 --- [    Test worker] o.s.web.client.RestTemplate              : GET request for "http://localhost:8888/bootstrap/default/master" resulted in 404 (Not Found); invoking error handler
2015-03-04 11:21:55.335 ERROR 10680 --- [    Test worker] c.c.c.ConfigServicePropertySourceLocator : Could not locate PropertySource: 404 Not Found
2015-03-04 11:21:57.629 DEBUG 10680 --- [    Test worker] o.s.cloud.context.scope.GenericScope     : Generating bean factory id from names: [org.springframework.context.annotation.internalConfigurationAnnotationProcessor, org.springframework.context.annotation.internalAutowiredAnnotationProcessor, org.springframework.context.annotation.internalRequiredAnnotationProcessor, org.springframework.context.annotation.internalCommonAnnotationProcessor, org.springframework.context.annotation.internalPersistenceAnnotationProcessor, coreConfigTest, org.springframework.context.annotation.ConfigurationClassPostProcessor.importAwareProcessor, org.springframework.context.annotation.ConfigurationClassPostProcessor.enhancedConfigurationProcessor, customUserDetailsService, xkcdServiceImpl, userServiceImpl, user, encoder, tokenStore, buildGson, org.springframework.boot.autoconfigure.AutoConfigurationPackages, grailsApplication, gex.example.domain.Role, gex.example.domain.RoleDomainClass, gex.example.domain.RoleValidator, gex.example.domain.User, gex.example.domain.UserDomainClass, gex.example.domain.UserValidator, proxyHandler, eventTriggeringInterceptor, hibernateEventListeners, persistenceInterceptor, entityInterceptor, grailsDomainClassMappingContext, hibernateProperties, dialectDetector, sessionFactory, hibernateDatastore, transactionManager, org.grails.gorm.hibernate.internal.GORM_ENHANCER_BEAN-dataSource, org.grails.gorm.hibernate.internal.POST_INIT_BEAN-dataSource, org.grails.internal.gorm.hibernate4.EAGER_INIT_PROCESSOR, org.springframework.cloud.netflix.hystrix.HystrixCircuitBreakerConfiguration, hystrixCommandAspect, hystrixShutdownHook, org.springframework.boot.autoconfigure.PropertyPlaceholderAutoConfiguration, org.springframework.boot.autoconfigure.condition.BeanTypeRegistry, propertySourcesPlaceholderConfigurer, org.springframework.boot.autoconfigure.websocket.WebSocketAutoConfiguration$TomcatWebSocketConfiguration, websocketContainerCustomizer, org.springframework.boot.autoconfigure.websocket.WebSocketAutoConfiguration, org.springframework.boot.autoconfigure.jta.JtaAutoConfiguration, spring.jta.CONFIGURATION_PROPERTIES, org.springframework.boot.context.properties.ConfigurationPropertiesBindingPostProcessor, org.springframework.boot.context.properties.ConfigurationPropertiesBindingPostProcessor.store, org.springframework.boot.autoconfigure.jdbc.DataSourceAutoConfiguration$JdbcTemplateConfiguration, jdbcTemplate, namedParameterJdbcTemplate, org.springframework.boot.autoconfigure.jdbc.DataSourceAutoConfiguration$NonEmbeddedConfiguration, dataSource, org.springframework.boot.autoconfigure.jdbc.DataSourceAutoConfiguration$DataSourceInitializerConfiguration, dataSourceInitializer, org.springframework.boot.autoconfigure.jdbc.metadata.DataSourcePoolMetadataProvidersConfiguration$TomcatDataSourcePoolMetadataProviderConfiguration, tomcatPoolDataSourceMetadataProvider, org.springframework.boot.autoconfigure.jdbc.metadata.DataSourcePoolMetadataProvidersConfiguration, org.springframework.boot.autoconfigure.jdbc.DataSourceAutoConfiguration, spring.datasource.CONFIGURATION_PROPERTIES, dataSourceInitializerPostProcessor, org.springframework.boot.autoconfigure.aop.AopAutoConfiguration$JdkDynamicAutoProxyConfiguration, org.springframework.aop.config.internalAutoProxyCreator, org.springframework.boot.autoconfigure.aop.AopAutoConfiguration, org.springframework.boot.autoconfigure.dao.PersistenceExceptionTranslationAutoConfiguration, persistenceExceptionTranslationPostProcessor, org.springframework.boot.autoconfigure.gson.GsonAutoConfiguration, org.springframework.boot.autoconfigure.jackson.JacksonAutoConfiguration$JacksonObjectMapperBuilderConfiguration, jacksonObjectMapperBuilder, http.mappers.CONFIGURATION_PROPERTIES, spring.jackson.CONFIGURATION_PROPERTIES, org.springframework.boot.autoconfigure.jackson.JacksonAutoConfiguration$JacksonObjectMapperConfiguration, jacksonObjectMapper, org.springframework.boot.autoconfigure.jackson.JacksonAutoConfiguration, org.springframework.boot.autoconfigure.web.HttpMessageConvertersAutoConfiguration$StringHttpMessageConverterConfiguration, stringHttpMessageConverter, spring.http.encoding.CONFIGURATION_PROPERTIES, org.springframework.boot.autoconfigure.web.JacksonHttpMessageConvertersConfiguration$MappingJackson2HttpMessageConverterConfiguration, mappingJackson2HttpMessageConverter, org.springframework.boot.autoconfigure.web.JacksonHttpMessageConvertersConfiguration, org.springframework.boot.autoconfigure.web.GsonHttpMessageConvertersConfiguration, org.springframework.boot.autoconfigure.web.HttpMessageConvertersAutoConfiguration, messageConverters, org.springframework.boot.autoconfigure.flyway.FlywayAutoConfiguration$FlywayConfiguration, flyway, flyway.CONFIGURATION_PROPERTIES, org.springframework.boot.autoconfigure.flyway.FlywayAutoConfiguration, org.springframework.boot.autoconfigure.groovy.template.GroovyTemplateAutoConfiguration$GroovyMarkupConfiguration, groovyMarkupConfigurer, org.springframework.boot.autoconfigure.groovy.template.GroovyTemplateAutoConfiguration, spring.groovy.template.CONFIGURATION_PROPERTIES, org.springframework.transaction.annotation.ProxyTransactionManagementConfiguration, org.springframework.transaction.config.internalTransactionAdvisor, transactionAttributeSource, transactionInterceptor, org.springframework.boot.autoconfigure.jdbc.DataSourceTransactionManagerAutoConfiguration$TransactionManagementConfiguration, org.springframework.boot.autoconfigure.jdbc.DataSourceTransactionManagerAutoConfiguration, org.springframework.boot.autoconfigure.security.BootGlobalAuthenticationConfiguration, bootGlobalAuthenticationConfigurationAdapter, org.springframework.boot.autoconfigure.security.SecurityAutoConfiguration, authenticationEventPublisher, securityProperties, org.springframework.boot.autoconfigure.web.HttpEncodingAutoConfiguration, characterEncodingFilter, org.springframework.boot.autoconfigure.web.MultipartAutoConfiguration, multipartConfigElement, multipartResolver, multipart.CONFIGURATION_PROPERTIES, org.springframework.cloud.autoconfigure.ConfigClientAutoConfiguration, configClientProperties, org.springframework.cloud.autoconfigure.RefreshAutoConfiguration$ConfigurationPropertiesRebinderConfiguration, configurationPropertiesRebinder, org.springframework.cloud.autoconfigure.RefreshAutoConfiguration, refreshScope, loggingRebinder, environmentManager, org.springframework.cloud.client.discovery.noop.NoopDiscoveryClientAutoConfiguration, discoveryClient, org.springframework.cloud.netflix.archaius.ArchaiusAutoConfiguration$PropagateEventsConfiguration, org.springframework.cloud.netflix.archaius.ArchaiusAutoConfiguration, configurableEnvironmentConfiguration]
2015-03-04 11:21:57.631  INFO 10680 --- [    Test worker] o.s.cloud.context.scope.GenericScope     : BeanFactory id=a6bb0e6d-df93-3b10-9a86-629712371934
2015-03-04 11:21:59.896  WARN 10680 --- [    Test worker] org.hibernate.cfg.SettingsFactory        : Unrecognized value for "hibernate.hbm2ddl.auto": none
2015-03-04 11:22:01.906  WARN 10680 --- [    Test worker] c.n.c.sources.URLConfigurationSource     : No URLs will be polled as dynamic configuration sources.
2015-03-04 11:22:01.906  INFO 10680 --- [    Test worker] c.n.c.sources.URLConfigurationSource     : To enable URLs as dynamic configuration sources, define System property archaius.configurationSource.additionalUrls or make config.properties available on classpath.
Hibernate: 
    select
        this_.id as id1_0_0_,
        this_.version as version2_0_0_,
        this_.date_created as date_cre3_0_0_,
        this_.email as email4_0_0_,
        this_.last_updated as last_upd5_0_0_,
        this_.password as password6_0_0_,
        this_.username as username7_0_0_ 
    from
        person this_
Hibernate: 
    select
        count(*) as y0_ 
    from
        person this_
Hibernate: 
    insert 
    into
        person
        (version, date_created, email, last_updated, password, username, id) 
    values
        (?, ?, ?, ?, ?, ?, ?)
Hibernate: 
    select
        this_.id as id1_0_0_,
        this_.version as version2_0_0_,
        this_.date_created as date_cre3_0_0_,
        this_.email as email4_0_0_,
        this_.last_updated as last_upd5_0_0_,
        this_.password as password6_0_0_,
        this_.username as username7_0_0_ 
    from
        person this_ 
    where
        this_.username=? limit ?
Hibernate: 
    select
        this_.id as id1_0_0_,
        this_.version as version2_0_0_,
        this_.date_created as date_cre3_0_0_,
        this_.email as email4_0_0_,
        this_.last_updated as last_upd5_0_0_,
        this_.password as password6_0_0_,
        this_.username as username7_0_0_ 
    from
        person this_
Hibernate: 
    select
        count(*) as y0_ 
    from
        person this_
Hibernate: 
    insert 
    into
        person
        (version, date_created, email, last_updated, password, username, id) 
    values
        (?, ?, ?, ?, ?, ?, ?)
Hibernate: 
    select
        this_.id as id1_0_0_,
        this_.version as version2_0_0_,
        this_.date_created as date_cre3_0_0_,
        this_.email as email4_0_0_,
        this_.last_updated as last_upd5_0_0_,
        this_.password as password6_0_0_,
        this_.username as username7_0_0_ 
    from
        person this_ 
    where
        this_.username=? limit ?
Hibernate: 
    select
        this_.id as id1_0_0_,
        this_.version as version2_0_0_,
        this_.date_created as date_cre3_0_0_,
        this_.email as email4_0_0_,
        this_.last_updated as last_upd5_0_0_,
        this_.password as password6_0_0_,
        this_.username as username7_0_0_ 
    from
        person this_ 
    where
        this_.username=? limit ?
Hibernate: 
    select
        this_.id as id1_0_0_,
        this_.version as version2_0_0_,
        this_.date_created as date_cre3_0_0_,
        this_.email as email4_0_0_,
        this_.last_updated as last_upd5_0_0_,
        this_.password as password6_0_0_,
        this_.username as username7_0_0_ 
    from
        person this_
Hibernate: 
    select
        count(*) as y0_ 
    from
        person this_
Hibernate: 
    update
        person 
    set
        version=?,
        date_created=?,
        email=?,
        last_updated=?,
        password=?,
        username=? 
    where
        id=? 
        and version=?
Hibernate: 
    select
        this_.id as id1_0_0_,
        this_.version as version2_0_0_,
        this_.date_created as date_cre3_0_0_,
        this_.email as email4_0_0_,
        this_.last_updated as last_upd5_0_0_,
        this_.password as password6_0_0_,
        this_.username as username7_0_0_ 
    from
        person this_ 
    where
        this_.username=? limit ?
Hibernate: 
    select
        this_.id as id1_0_0_,
        this_.version as version2_0_0_,
        this_.date_created as date_cre3_0_0_,
        this_.email as email4_0_0_,
        this_.last_updated as last_upd5_0_0_,
        this_.password as password6_0_0_,
        this_.username as username7_0_0_ 
    from
        person this_
Hibernate: 
    select
        count(*) as y0_ 
    from
        person this_
Hibernate: 
    insert 
    into
        person
        (version, date_created, email, last_updated, password, username, id) 
    values
        (?, ?, ?, ?, ?, ?, ?)
Hibernate: 
    select
        this_.id as id1_0_0_,
        this_.version as version2_0_0_,
        this_.date_created as date_cre3_0_0_,
        this_.email as email4_0_0_,
        this_.last_updated as last_upd5_0_0_,
        this_.password as password6_0_0_,
        this_.username as username7_0_0_ 
    from
        person this_ 
    where
        this_.username=? limit ?
Hibernate: 
    select
        this_.id as id1_0_0_,
        this_.version as version2_0_0_,
        this_.date_created as date_cre3_0_0_,
        this_.email as email4_0_0_,
        this_.last_updated as last_upd5_0_0_,
        this_.password as password6_0_0_,
        this_.username as username7_0_0_ 
    from
        person this_ 
    where
        this_.username=? limit ?
Hibernate: 
    select
        this_.id as id1_0_0_,
        this_.version as version2_0_0_,
        this_.date_created as date_cre3_0_0_,
        this_.email as email4_0_0_,
        this_.last_updated as last_upd5_0_0_,
        this_.password as password6_0_0_,
        this_.username as username7_0_0_ 
    from
        person this_ 
    where
        this_.username=? limit ?
Hibernate: 
    delete 
    from
        person 
    where
        id=? 
        and version=?
Hibernate: 
    select
        this_.id as id1_0_0_,
        this_.version as version2_0_0_,
        this_.date_created as date_cre3_0_0_,
        this_.email as email4_0_0_,
        this_.last_updated as last_upd5_0_0_,
        this_.password as password6_0_0_,
        this_.username as username7_0_0_ 
    from
        person this_ 
    where
        this_.username=? limit ?
]]></system-out>
  <system-err><![CDATA[]]></system-err>
</testsuite>
