<?xml version="1.0" encoding="UTF-8"?>
<testsuite name="gex.example.XkcdResourceSpec" tests="1" skipped="0" failures="0" errors="0" timestamp="2015-03-04T17:21:50" hostname="GEX-DT-anallely.local" time="0.354">
  <properties/>
  <testcase name="We can get simple xkcd data" classname="gex.example.XkcdResourceSpec" time="0.354"/>
  <system-out><![CDATA[]]></system-out>
  <system-err><![CDATA[]]></system-err>
</testsuite>
